2022-12-18 00:05:47,073 INFO org.hibernate.tool.schema.internal.SchemaDropperImpl$DelayedDropActionImpl [SpringApplicationShutdownHook] HHH000477: Starting delayed evictData of schema as part of SessionFactory shut-down'
2022-12-18 00:05:47,306 INFO com.zaxxer.hikari.HikariDataSource [SpringApplicationShutdownHook] HikariPool-1 - Shutdown initiated...
2022-12-18 00:05:47,341 INFO com.zaxxer.hikari.HikariDataSource [SpringApplicationShutdownHook] HikariPool-1 - Shutdown completed.
2022-12-18 00:20:56,705 INFO com.bedu.SpringBootCrudOperationApplicationTests [main] Starting SpringBootCrudOperationApplicationTests using Java 11.0.17 on DESKTOP-S62A7HE with PID 7852 (started by devmx in C:\projects\java\springboot\sprintboot-master)
2022-12-18 00:20:56,710 INFO com.bedu.SpringBootCrudOperationApplicationTests [main] No active profile set, falling back to 1 default profile: "default"
2022-12-18 00:21:00,267 INFO com.zaxxer.hikari.HikariDataSource [main] HikariPool-1 - Starting...
2022-12-18 00:21:01,750 INFO com.zaxxer.hikari.HikariDataSource [main] HikariPool-1 - Start completed.
2022-12-18 00:21:02,198 INFO org.hibernate.jpa.internal.util.LogHelper [main] HHH000204: Processing PersistenceUnitInfo [name: default]
2022-12-18 00:21:02,552 INFO org.hibernate.Version [main] HHH000412: Hibernate ORM core version 5.6.14.Final
2022-12-18 00:21:02,957 INFO org.hibernate.annotations.common.Version [main] HCANN000001: Hibernate Commons Annotations {5.1.2.Final}
2022-12-18 00:21:03,447 INFO org.hibernate.dialect.Dialect [main] HHH000400: Using dialect: org.hibernate.dialect.H2Dialect
2022-12-18 00:21:04,483 INFO org.hibernate.engine.transaction.jta.platform.internal.JtaPlatformInitiator [main] HHH000490: Using JtaPlatform implementation: [org.hibernate.engine.transaction.jta.platform.internal.NoJtaPlatform]
2022-12-18 00:21:09,085 INFO com.bedu.SpringBootCrudOperationApplicationTests [main] Started SpringBootCrudOperationApplicationTests in 13.562 seconds (JVM running for 16.336)
2022-12-18 00:21:10,112 INFO org.hibernate.tool.schema.internal.SchemaDropperImpl$DelayedDropActionImpl [SpringApplicationShutdownHook] HHH000477: Starting delayed evictData of schema as part of SessionFactory shut-down'
2022-12-18 00:21:10,151 INFO com.zaxxer.hikari.HikariDataSource [SpringApplicationShutdownHook] HikariPool-1 - Shutdown initiated...
2022-12-18 00:21:10,160 INFO com.zaxxer.hikari.HikariDataSource [SpringApplicationShutdownHook] HikariPool-1 - Shutdown completed.
2022-12-18 00:21:36,042 INFO com.bedu.SpringBootCrudOperationApplication [main] Starting SpringBootCrudOperationApplication v1.0.0-SNAPSHOT using Java 11.0.17 on DESKTOP-S62A7HE with PID 9688 (C:\projects\java\springboot\sprintboot-master\target\spring-boot-crud-operation-1.0.0-SNAPSHOT.jar started by devmx in C:\projects\java\springboot\sprintboot-master)
2022-12-18 00:21:36,049 INFO com.bedu.SpringBootCrudOperationApplication [main] No active profile set, falling back to 1 default profile: "default"
2022-12-18 00:21:39,291 INFO org.apache.catalina.core.StandardService [main] Starting service [Tomcat]
2022-12-18 00:21:39,293 INFO org.apache.catalina.core.StandardEngine [main] Starting Servlet engine: [Apache Tomcat/9.0.69]
2022-12-18 00:21:39,584 INFO org.apache.catalina.core.ContainerBase.[Tomcat].[localhost].[/] [main] Initializing Spring embedded WebApplicationContext
2022-12-18 00:21:39,912 INFO com.zaxxer.hikari.HikariDataSource [main] HikariPool-1 - Starting...
2022-12-18 00:21:40,496 INFO com.zaxxer.hikari.HikariDataSource [main] HikariPool-1 - Start completed.
2022-12-18 00:21:40,673 INFO org.hibernate.jpa.internal.util.LogHelper [main] HHH000204: Processing PersistenceUnitInfo [name: default]
2022-12-18 00:21:40,859 INFO org.hibernate.Version [main] HHH000412: Hibernate ORM core version 5.6.14.Final
2022-12-18 00:21:41,376 INFO org.hibernate.annotations.common.Version [main] HCANN000001: Hibernate Commons Annotations {5.1.2.Final}
2022-12-18 00:21:41,725 INFO org.hibernate.dialect.Dialect [main] HHH000400: Using dialect: org.hibernate.dialect.H2Dialect
2022-12-18 00:21:42,817 INFO org.hibernate.engine.transaction.jta.platform.internal.JtaPlatformInitiator [main] HHH000490: Using JtaPlatform implementation: [org.hibernate.engine.transaction.jta.platform.internal.NoJtaPlatform]
2022-12-18 00:21:44,779 INFO com.bedu.SpringBootCrudOperationApplication [main] Started SpringBootCrudOperationApplication in 9.98 seconds (JVM running for 10.931)
2022-12-18 00:25:59,243 INFO org.apache.catalina.core.ContainerBase.[Tomcat].[localhost].[/] [http-nio-8080-exec-2] Initializing Spring DispatcherServlet 'dispatcherServlet'
2022-12-18 00:25:59,455 INFO class com.bedu.queue.RabbitMQSender [http-nio-8080-exec-2] Sending Message to the Queue : MenuOrder{orderIdentifier='menu-order-1', orderId=1, orderList=[papas fritas, refresco 3 lt], customerName='Jose Ramos'}
2022-12-18 00:25:59,502 INFO class com.bedu.queue.RabbitMQReceiver [listener-1] ProductOrder listener invoked - Consuming Message with ProductOrder Identifier : menu-order-1
2022-12-18 08:38:21,785 WARN com.zaxxer.hikari.pool.HikariPool [HikariPool-1 housekeeper] HikariPool-1 - Thread starvation or clock leap detected (housekeeper delta=7h44m40s623ms718탎199ns).
2022-12-18 12:23:37,344 WARN com.zaxxer.hikari.pool.HikariPool [HikariPool-1 housekeeper] HikariPool-1 - Thread starvation or clock leap detected (housekeeper delta=42m38s739ms557탎500ns).
2022-12-18 13:42:50,834 WARN com.zaxxer.hikari.pool.HikariPool [HikariPool-1 housekeeper] HikariPool-1 - Thread starvation or clock leap detected (housekeeper delta=5m42s133ms607탎).
2022-12-18 13:55:45,098 INFO org.hibernate.tool.schema.internal.SchemaDropperImpl$DelayedDropActionImpl [SpringApplicationShutdownHook] HHH000477: Starting delayed evictData of schema as part of SessionFactory shut-down'
2022-12-18 13:55:45,677 INFO com.zaxxer.hikari.HikariDataSource [SpringApplicationShutdownHook] HikariPool-1 - Shutdown initiated...
2022-12-18 13:56:19,753 INFO com.zaxxer.hikari.HikariDataSource [SpringApplicationShutdownHook] HikariPool-1 - Shutdown completed.
2022-12-18 13:57:06,965 INFO com.bedu.SpringBootCrudOperationApplicationTests [main] Starting SpringBootCrudOperationApplicationTests using Java 11.0.17 on DESKTOP-S62A7HE with PID 11824 (started by devmx in C:\projects\java\springboot\sprintboot-master)
2022-12-18 13:57:06,968 INFO com.bedu.SpringBootCrudOperationApplicationTests [main] No active profile set, falling back to 1 default profile: "default"
2022-12-18 13:57:11,817 INFO com.zaxxer.hikari.HikariDataSource [main] HikariPool-1 - Starting...
2022-12-18 13:57:12,679 INFO com.zaxxer.hikari.HikariDataSource [main] HikariPool-1 - Start completed.
2022-12-18 13:57:12,976 INFO org.hibernate.jpa.internal.util.LogHelper [main] HHH000204: Processing PersistenceUnitInfo [name: default]
2022-12-18 13:57:13,219 INFO org.hibernate.Version [main] HHH000412: Hibernate ORM core version 5.6.14.Final
2022-12-18 13:57:13,854 INFO org.hibernate.annotations.common.Version [main] HCANN000001: Hibernate Commons Annotations {5.1.2.Final}
2022-12-18 13:57:14,834 INFO org.hibernate.dialect.Dialect [main] HHH000400: Using dialect: org.hibernate.dialect.H2Dialect
2022-12-18 13:57:16,276 INFO org.hibernate.engine.transaction.jta.platform.internal.JtaPlatformInitiator [main] HHH000490: Using JtaPlatform implementation: [org.hibernate.engine.transaction.jta.platform.internal.NoJtaPlatform]
2022-12-18 13:57:21,386 INFO com.bedu.SpringBootCrudOperationApplicationTests [main] Started SpringBootCrudOperationApplicationTests in 16.6 seconds (JVM running for 20.838)
2022-12-18 13:57:22,404 INFO org.hibernate.tool.schema.internal.SchemaDropperImpl$DelayedDropActionImpl [SpringApplicationShutdownHook] HHH000477: Starting delayed evictData of schema as part of SessionFactory shut-down'
2022-12-18 13:57:22,427 INFO com.zaxxer.hikari.HikariDataSource [SpringApplicationShutdownHook] HikariPool-1 - Shutdown initiated...
2022-12-18 13:57:22,438 INFO com.zaxxer.hikari.HikariDataSource [SpringApplicationShutdownHook] HikariPool-1 - Shutdown completed.
2022-12-18 14:11:37,324 INFO com.bedu.SpringBootCrudOperationApplicationTests [main] Starting SpringBootCrudOperationApplicationTests using Java 11.0.17 on DESKTOP-S62A7HE with PID 8220 (started by devmx in C:\projects\java\springboot\sprintboot-master)
2022-12-18 14:11:37,328 INFO com.bedu.SpringBootCrudOperationApplicationTests [main] No active profile set, falling back to 1 default profile: "default"
2022-12-18 14:11:40,336 INFO com.zaxxer.hikari.HikariDataSource [main] HikariPool-1 - Starting...
2022-12-18 14:11:41,146 INFO com.zaxxer.hikari.HikariDataSource [main] HikariPool-1 - Start completed.
2022-12-18 14:11:41,323 INFO org.hibernate.jpa.internal.util.LogHelper [main] HHH000204: Processing PersistenceUnitInfo [name: default]
2022-12-18 14:11:41,453 INFO org.hibernate.Version [main] HHH000412: Hibernate ORM core version 5.6.14.Final
2022-12-18 14:11:41,851 INFO org.hibernate.annotations.common.Version [main] HCANN000001: Hibernate Commons Annotations {5.1.2.Final}
2022-12-18 14:11:42,228 INFO org.hibernate.dialect.Dialect [main] HHH000400: Using dialect: org.hibernate.dialect.H2Dialect
2022-12-18 14:11:43,565 INFO org.hibernate.engine.transaction.jta.platform.internal.JtaPlatformInitiator [main] HHH000490: Using JtaPlatform implementation: [org.hibernate.engine.transaction.jta.platform.internal.NoJtaPlatform]
2022-12-18 14:11:47,424 INFO com.bedu.SpringBootCrudOperationApplicationTests [main] Started SpringBootCrudOperationApplicationTests in 10.913 seconds (JVM running for 13.217)
2022-12-18 14:11:48,449 INFO org.hibernate.tool.schema.internal.SchemaDropperImpl$DelayedDropActionImpl [SpringApplicationShutdownHook] HHH000477: Starting delayed evictData of schema as part of SessionFactory shut-down'
2022-12-18 14:11:48,511 INFO com.zaxxer.hikari.HikariDataSource [SpringApplicationShutdownHook] HikariPool-1 - Shutdown initiated...
2022-12-18 14:11:48,526 INFO com.zaxxer.hikari.HikariDataSource [SpringApplicationShutdownHook] HikariPool-1 - Shutdown completed.
2022-12-18 14:12:05,266 INFO com.bedu.SpringBootCrudOperationApplication [main] Starting SpringBootCrudOperationApplication v1.0.0-SNAPSHOT using Java 11.0.17 on DESKTOP-S62A7HE with PID 5888 (C:\projects\java\springboot\sprintboot-master\target\spring-boot-crud-operation-1.0.0-SNAPSHOT.jar started by devmx in C:\projects\java\springboot\sprintboot-master)
2022-12-18 14:12:05,277 INFO com.bedu.SpringBootCrudOperationApplication [main] No active profile set, falling back to 1 default profile: "default"
2022-12-18 14:12:08,535 INFO org.apache.catalina.core.StandardService [main] Starting service [Tomcat]
2022-12-18 14:12:08,537 INFO org.apache.catalina.core.StandardEngine [main] Starting Servlet engine: [Apache Tomcat/9.0.69]
2022-12-18 14:12:08,786 INFO org.apache.catalina.core.ContainerBase.[Tomcat].[localhost].[/] [main] Initializing Spring embedded WebApplicationContext
2022-12-18 14:12:09,132 INFO com.zaxxer.hikari.HikariDataSource [main] HikariPool-1 - Starting...
2022-12-18 14:12:09,612 INFO com.zaxxer.hikari.HikariDataSource [main] HikariPool-1 - Start completed.
2022-12-18 14:12:09,720 INFO org.hibernate.jpa.internal.util.LogHelper [main] HHH000204: Processing PersistenceUnitInfo [name: default]
2022-12-18 14:12:09,858 INFO org.hibernate.Version [main] HHH000412: Hibernate ORM core version 5.6.14.Final
2022-12-18 14:12:10,394 INFO org.hibernate.annotations.common.Version [main] HCANN000001: Hibernate Commons Annotations {5.1.2.Final}
2022-12-18 14:12:10,798 INFO org.hibernate.dialect.Dialect [main] HHH000400: Using dialect: org.hibernate.dialect.H2Dialect
2022-12-18 14:12:11,929 INFO org.hibernate.engine.transaction.jta.platform.internal.JtaPlatformInitiator [main] HHH000490: Using JtaPlatform implementation: [org.hibernate.engine.transaction.jta.platform.internal.NoJtaPlatform]
2022-12-18 14:12:14,173 INFO com.bedu.SpringBootCrudOperationApplication [main] Started SpringBootCrudOperationApplication in 10.166 seconds (JVM running for 11.099)
2022-12-18 14:13:10,538 INFO org.apache.catalina.core.ContainerBase.[Tomcat].[localhost].[/] [http-nio-8080-exec-1] Initializing Spring DispatcherServlet 'dispatcherServlet'
2022-12-18 14:13:10,584 INFO com.bedu.controller.ProductsController [http-nio-8080-exec-1] GetAll existing products
2022-12-18 14:13:54,806 INFO com.bedu.controller.ProductsController [http-nio-8080-exec-2] Insert a new product
2022-12-18 14:13:59,388 INFO com.bedu.controller.ProductsController [http-nio-8080-exec-4] GetAll existing products
2022-12-18 14:16:23,057 INFO com.bedu.controller.ProductsController [http-nio-8080-exec-7] GetBy ID a product
2022-12-18 14:19:16,791 INFO org.hibernate.tool.schema.internal.SchemaDropperImpl$DelayedDropActionImpl [SpringApplicationShutdownHook] HHH000477: Starting delayed evictData of schema as part of SessionFactory shut-down'
2022-12-18 14:19:16,807 INFO com.zaxxer.hikari.HikariDataSource [SpringApplicationShutdownHook] HikariPool-1 - Shutdown initiated...
2022-12-18 14:19:16,814 INFO com.zaxxer.hikari.HikariDataSource [SpringApplicationShutdownHook] HikariPool-1 - Shutdown completed.
2022-12-18 14:19:39,484 INFO com.bedu.SpringBootCrudOperationApplicationTests [main] Starting SpringBootCrudOperationApplicationTests using Java 11.0.17 on DESKTOP-S62A7HE with PID 8660 (started by devmx in C:\projects\java\springboot\sprintboot-master)
2022-12-18 14:19:39,487 INFO com.bedu.SpringBootCrudOperationApplicationTests [main] No active profile set, falling back to 1 default profile: "default"
2022-12-18 14:19:42,660 INFO com.zaxxer.hikari.HikariDataSource [main] HikariPool-1 - Starting...
2022-12-18 14:19:43,212 INFO com.zaxxer.hikari.HikariDataSource [main] HikariPool-1 - Start completed.
2022-12-18 14:19:43,467 INFO org.hibernate.jpa.internal.util.LogHelper [main] HHH000204: Processing PersistenceUnitInfo [name: default]
2022-12-18 14:19:43,596 INFO org.hibernate.Version [main] HHH000412: Hibernate ORM core version 5.6.14.Final
2022-12-18 14:19:43,977 INFO org.hibernate.annotations.common.Version [main] HCANN000001: Hibernate Commons Annotations {5.1.2.Final}
2022-12-18 14:19:44,358 INFO org.hibernate.dialect.Dialect [main] HHH000400: Using dialect: org.hibernate.dialect.H2Dialect
2022-12-18 14:19:45,884 INFO org.hibernate.engine.transaction.jta.platform.internal.JtaPlatformInitiator [main] HHH000490: Using JtaPlatform implementation: [org.hibernate.engine.transaction.jta.platform.internal.NoJtaPlatform]
2022-12-18 14:19:52,514 INFO com.bedu.SpringBootCrudOperationApplicationTests [main] Started SpringBootCrudOperationApplicationTests in 13.704 seconds (JVM running for 15.985)
2022-12-18 14:19:53,778 INFO org.hibernate.tool.schema.internal.SchemaDropperImpl$DelayedDropActionImpl [SpringApplicationShutdownHook] HHH000477: Starting delayed evictData of schema as part of SessionFactory shut-down'
2022-12-18 14:19:53,840 INFO com.zaxxer.hikari.HikariDataSource [SpringApplicationShutdownHook] HikariPool-1 - Shutdown initiated...
2022-12-18 14:19:53,849 INFO com.zaxxer.hikari.HikariDataSource [SpringApplicationShutdownHook] HikariPool-1 - Shutdown completed.
2022-12-18 14:20:11,809 INFO com.bedu.SpringBootCrudOperationApplication [main] Starting SpringBootCrudOperationApplication v1.0.0-SNAPSHOT using Java 11.0.17 on DESKTOP-S62A7HE with PID 8016 (C:\projects\java\springboot\sprintboot-master\target\spring-boot-crud-operation-1.0.0-SNAPSHOT.jar started by devmx in C:\projects\java\springboot\sprintboot-master)
2022-12-18 14:20:11,832 INFO com.bedu.SpringBootCrudOperationApplication [main] No active profile set, falling back to 1 default profile: "default"
2022-12-18 14:20:14,935 INFO org.apache.catalina.core.StandardService [main] Starting service [Tomcat]
2022-12-18 14:20:14,939 INFO org.apache.catalina.core.StandardEngine [main] Starting Servlet engine: [Apache Tomcat/9.0.69]
2022-12-18 14:20:15,148 INFO org.apache.catalina.core.ContainerBase.[Tomcat].[localhost].[/] [main] Initializing Spring embedded WebApplicationContext
2022-12-18 14:20:15,592 INFO com.zaxxer.hikari.HikariDataSource [main] HikariPool-1 - Starting...
2022-12-18 14:20:16,305 INFO com.zaxxer.hikari.HikariDataSource [main] HikariPool-1 - Start completed.
2022-12-18 14:20:16,438 INFO org.hibernate.jpa.internal.util.LogHelper [main] HHH000204: Processing PersistenceUnitInfo [name: default]
2022-12-18 14:20:16,595 INFO org.hibernate.Version [main] HHH000412: Hibernate ORM core version 5.6.14.Final
2022-12-18 14:20:17,067 INFO org.hibernate.annotations.common.Version [main] HCANN000001: Hibernate Commons Annotations {5.1.2.Final}
2022-12-18 14:20:17,327 INFO org.hibernate.dialect.Dialect [main] HHH000400: Using dialect: org.hibernate.dialect.H2Dialect
2022-12-18 14:20:18,580 INFO org.hibernate.engine.transaction.jta.platform.internal.JtaPlatformInitiator [main] HHH000490: Using JtaPlatform implementation: [org.hibernate.engine.transaction.jta.platform.internal.NoJtaPlatform]
2022-12-18 14:20:21,232 INFO com.bedu.SpringBootCrudOperationApplication [main] Started SpringBootCrudOperationApplication in 10.827 seconds (JVM running for 11.913)
2022-12-18 14:21:26,463 INFO org.apache.catalina.core.ContainerBase.[Tomcat].[localhost].[/] [http-nio-8080-exec-1] Initializing Spring DispatcherServlet 'dispatcherServlet'
2022-12-18 14:21:26,757 INFO com.bedu.controller.ProductsController [http-nio-8080-exec-1] Insert a new product
2022-12-18 14:22:57,505 INFO org.hibernate.tool.schema.internal.SchemaDropperImpl$DelayedDropActionImpl [SpringApplicationShutdownHook] HHH000477: Starting delayed evictData of schema as part of SessionFactory shut-down'
2022-12-18 14:22:57,521 INFO com.zaxxer.hikari.HikariDataSource [SpringApplicationShutdownHook] HikariPool-1 - Shutdown initiated...
2022-12-18 14:22:57,527 INFO com.zaxxer.hikari.HikariDataSource [SpringApplicationShutdownHook] HikariPool-1 - Shutdown completed.
2022-12-18 14:23:32,766 INFO com.bedu.SpringBootCrudOperationApplicationTests [main] Starting SpringBootCrudOperationApplicationTests using Java 11.0.17 on DESKTOP-S62A7HE with PID 8312 (started by devmx in C:\projects\java\springboot\sprintboot-master)
2022-12-18 14:23:32,774 INFO com.bedu.SpringBootCrudOperationApplicationTests [main] No active profile set, falling back to 1 default profile: "default"
2022-12-18 14:23:35,747 INFO com.zaxxer.hikari.HikariDataSource [main] HikariPool-1 - Starting...
2022-12-18 14:23:36,463 INFO com.zaxxer.hikari.HikariDataSource [main] HikariPool-1 - Start completed.
2022-12-18 14:23:36,758 INFO org.hibernate.jpa.internal.util.LogHelper [main] HHH000204: Processing PersistenceUnitInfo [name: default]
2022-12-18 14:23:36,954 INFO org.hibernate.Version [main] HHH000412: Hibernate ORM core version 5.6.14.Final
2022-12-18 14:23:37,383 INFO org.hibernate.annotations.common.Version [main] HCANN000001: Hibernate Commons Annotations {5.1.2.Final}
2022-12-18 14:23:37,874 INFO org.hibernate.dialect.Dialect [main] HHH000400: Using dialect: org.hibernate.dialect.H2Dialect
2022-12-18 14:23:39,015 INFO org.hibernate.engine.transaction.jta.platform.internal.JtaPlatformInitiator [main] HHH000490: Using JtaPlatform implementation: [org.hibernate.engine.transaction.jta.platform.internal.NoJtaPlatform]
2022-12-18 14:23:42,874 INFO com.bedu.SpringBootCrudOperationApplicationTests [main] Started SpringBootCrudOperationApplicationTests in 10.828 seconds (JVM running for 13.262)
2022-12-18 14:23:43,937 INFO org.hibernate.tool.schema.internal.SchemaDropperImpl$DelayedDropActionImpl [SpringApplicationShutdownHook] HHH000477: Starting delayed evictData of schema as part of SessionFactory shut-down'
2022-12-18 14:23:43,956 INFO com.zaxxer.hikari.HikariDataSource [SpringApplicationShutdownHook] HikariPool-1 - Shutdown initiated...
2022-12-18 14:23:43,964 INFO com.zaxxer.hikari.HikariDataSource [SpringApplicationShutdownHook] HikariPool-1 - Shutdown completed.
2022-12-18 14:23:52,614 INFO com.bedu.SpringBootCrudOperationApplication [main] Starting SpringBootCrudOperationApplication v1.0.0-SNAPSHOT using Java 11.0.17 on DESKTOP-S62A7HE with PID 12516 (C:\projects\java\springboot\sprintboot-master\target\spring-boot-crud-operation-1.0.0-SNAPSHOT.jar started by devmx in C:\projects\java\springboot\sprintboot-master)
2022-12-18 14:23:52,621 INFO com.bedu.SpringBootCrudOperationApplication [main] No active profile set, falling back to 1 default profile: "default"
2022-12-18 14:23:55,619 INFO org.apache.catalina.core.StandardService [main] Starting service [Tomcat]
2022-12-18 14:23:55,621 INFO org.apache.catalina.core.StandardEngine [main] Starting Servlet engine: [Apache Tomcat/9.0.69]
2022-12-18 14:23:55,782 INFO org.apache.catalina.core.ContainerBase.[Tomcat].[localhost].[/] [main] Initializing Spring embedded WebApplicationContext
2022-12-18 14:23:56,190 INFO com.zaxxer.hikari.HikariDataSource [main] HikariPool-1 - Starting...
2022-12-18 14:23:56,974 INFO com.zaxxer.hikari.HikariDataSource [main] HikariPool-1 - Start completed.
2022-12-18 14:23:57,110 INFO org.hibernate.jpa.internal.util.LogHelper [main] HHH000204: Processing PersistenceUnitInfo [name: default]
2022-12-18 14:23:57,255 INFO org.hibernate.Version [main] HHH000412: Hibernate ORM core version 5.6.14.Final
2022-12-18 14:23:57,659 INFO org.hibernate.annotations.common.Version [main] HCANN000001: Hibernate Commons Annotations {5.1.2.Final}
2022-12-18 14:23:57,909 INFO org.hibernate.dialect.Dialect [main] HHH000400: Using dialect: org.hibernate.dialect.H2Dialect
2022-12-18 14:23:58,849 INFO org.hibernate.engine.transaction.jta.platform.internal.JtaPlatformInitiator [main] HHH000490: Using JtaPlatform implementation: [org.hibernate.engine.transaction.jta.platform.internal.NoJtaPlatform]
2022-12-18 14:24:01,055 INFO com.bedu.SpringBootCrudOperationApplication [main] Started SpringBootCrudOperationApplication in 9.727 seconds (JVM running for 10.777)
2022-12-18 14:24:43,164 INFO org.apache.catalina.core.ContainerBase.[Tomcat].[localhost].[/] [http-nio-8080-exec-1] Initializing Spring DispatcherServlet 'dispatcherServlet'
2022-12-18 14:24:43,358 INFO com.bedu.controller.ProductsController [http-nio-8080-exec-1] Insert a new product
2022-12-18 14:24:57,878 INFO com.bedu.controller.ProductsController [http-nio-8080-exec-4] Delete a product
2022-12-18 14:25:05,087 INFO com.bedu.controller.ProductsController [http-nio-8080-exec-5] GetAll existing products
2022-12-18 14:25:21,112 INFO com.bedu.controller.ProductsController [http-nio-8080-exec-6] Insert a new product
2022-12-18 14:26:08,273 INFO com.bedu.controller.ProductsController [http-nio-8080-exec-7] GetAll existing products
2022-12-18 14:26:15,784 INFO com.bedu.controller.ProductsController [http-nio-8080-exec-8] Update a product
2022-12-18 14:26:23,698 INFO com.bedu.controller.ProductsController [http-nio-8080-exec-9] GetAll existing products
2022-12-18 14:26:54,346 INFO class com.bedu.queue.RabbitMQSender [http-nio-8080-exec-10] Sending Message to the Queue : ProductOrder{orderIdentifier='product-order-1', orderId=1, orderList=[papas fritas, refresco 3 lt], customerName='Jose Ramos'}
2022-12-18 14:26:54,381 INFO class com.bedu.queue.RabbitMQReceiver [listener-1] ProductOrder listener invoked - Consuming Message with ProductOrder Identifier : product-order-1
2022-12-18 15:00:32,703 INFO class com.bedu.queue.RabbitMQReceiver [listener-1] ProductOrder listener invoked - Consuming Message with ProductOrder Identifier : product-order-2
2022-12-18 15:00:32,699 INFO class com.bedu.queue.RabbitMQSender [http-nio-8080-exec-3] Sending Message to the Queue : ProductOrder{orderIdentifier='product-order-2', orderId=2, orderList=[jabon, jabon], customerName='Marisela Torres'}
2022-12-18 15:01:38,201 INFO class com.bedu.queue.RabbitMQSender [http-nio-8080-exec-5] Sending Message to the Queue : ProductOrder{orderIdentifier='product-order-3', orderId=3, orderList=[refresco, refresco, refresco], customerName='Jose Ramos'}
2022-12-18 15:03:23,931 INFO class com.bedu.queue.RabbitMQReceiver [listener-1] ProductOrder listener invoked - Consuming Message with ProductOrder Identifier : product-order-3
2022-12-18 15:03:36,105 INFO org.hibernate.tool.schema.internal.SchemaDropperImpl$DelayedDropActionImpl [SpringApplicationShutdownHook] HHH000477: Starting delayed evictData of schema as part of SessionFactory shut-down'
2022-12-18 15:03:36,165 INFO com.zaxxer.hikari.HikariDataSource [SpringApplicationShutdownHook] HikariPool-1 - Shutdown initiated...
2022-12-18 15:03:36,165 INFO com.zaxxer.hikari.HikariDataSource [SpringApplicationShutdownHook] HikariPool-1 - Shutdown completed.
2022-12-18 15:59:52,855 INFO com.bedu.SpringBootCrudOperationApplication [main] Starting SpringBootCrudOperationApplication v1.0.0-SNAPSHOT using Java 11.0.17 on DESKTOP-S62A7HE with PID 15504 (C:\projects\java\springboot\sprintboot-master\target\spring-boot-crud-operation-1.0.0-SNAPSHOT.jar started by devmx in C:\projects\java\springboot\sprintboot-master)
2022-12-18 15:59:52,866 INFO com.bedu.SpringBootCrudOperationApplication [main] No active profile set, falling back to 1 default profile: "default"
2022-12-18 15:59:56,123 INFO org.apache.catalina.core.StandardService [main] Starting service [Tomcat]
2022-12-18 15:59:56,125 INFO org.apache.catalina.core.StandardEngine [main] Starting Servlet engine: [Apache Tomcat/9.0.69]
2022-12-18 15:59:56,297 INFO org.apache.catalina.core.ContainerBase.[Tomcat].[localhost].[/] [main] Initializing Spring embedded WebApplicationContext
2022-12-18 15:59:56,785 INFO com.zaxxer.hikari.HikariDataSource [main] HikariPool-1 - Starting...
2022-12-18 15:59:57,781 INFO com.zaxxer.hikari.HikariDataSource [main] HikariPool-1 - Start completed.
2022-12-18 15:59:58,015 INFO org.hibernate.jpa.internal.util.LogHelper [main] HHH000204: Processing PersistenceUnitInfo [name: default]
2022-12-18 15:59:58,176 INFO org.hibernate.Version [main] HHH000412: Hibernate ORM core version 5.6.14.Final
2022-12-18 15:59:58,734 INFO org.hibernate.annotations.common.Version [main] HCANN000001: Hibernate Commons Annotations {5.1.2.Final}
2022-12-18 15:59:59,040 INFO org.hibernate.dialect.Dialect [main] HHH000400: Using dialect: org.hibernate.dialect.H2Dialect
2022-12-18 16:00:00,129 INFO org.hibernate.engine.transaction.jta.platform.internal.JtaPlatformInitiator [main] HHH000490: Using JtaPlatform implementation: [org.hibernate.engine.transaction.jta.platform.internal.NoJtaPlatform]
2022-12-18 16:00:02,580 INFO com.bedu.SpringBootCrudOperationApplication [main] Started SpringBootCrudOperationApplication in 10.991 seconds (JVM running for 12.106)
2022-12-18 16:51:51,691 WARN com.zaxxer.hikari.pool.HikariPool [HikariPool-1 housekeeper] HikariPool-1 - Thread starvation or clock leap detected (housekeeper delta=21m53s286ms306탎600ns).
2022-12-18 16:53:53,376 ERROR org.springframework.amqp.rabbit.listener.SimpleMessageListenerContainer [listener-2] Failed to check/redeclare auto-delete queue(s).
org.springframework.amqp.AmqpIOException: java.io.IOException
	at org.springframework.amqp.rabbit.support.RabbitExceptionTranslator.convertRabbitAccessException(RabbitExceptionTranslator.java:70)
	at org.springframework.amqp.rabbit.connection.AbstractConnectionFactory.createBareConnection(AbstractConnectionFactory.java:602)
	at org.springframework.amqp.rabbit.connection.CachingConnectionFactory.createConnection(CachingConnectionFactory.java:725)
	at org.springframework.amqp.rabbit.connection.CachingConnectionFactory.createBareChannel(CachingConnectionFactory.java:676)
	at org.springframework.amqp.rabbit.connection.CachingConnectionFactory.getCachedChannelProxy(CachingConnectionFactory.java:650)
	at org.springframework.amqp.rabbit.connection.CachingConnectionFactory.getChannel(CachingConnectionFactory.java:540)
	at org.springframework.amqp.rabbit.connection.CachingConnectionFactory.access$1600(CachingConnectionFactory.java:100)
	at org.springframework.amqp.rabbit.connection.CachingConnectionFactory$ChannelCachingConnectionProxy.createChannel(CachingConnectionFactory.java:1418)
	at org.springframework.amqp.rabbit.core.RabbitTemplate.doExecute(RabbitTemplate.java:2216)
	at org.springframework.amqp.rabbit.core.RabbitTemplate.execute(RabbitTemplate.java:2183)
	at org.springframework.amqp.rabbit.core.RabbitTemplate.execute(RabbitTemplate.java:2163)
	at org.springframework.amqp.rabbit.core.RabbitAdmin.getQueueInfo(RabbitAdmin.java:463)
	at org.springframework.amqp.rabbit.core.RabbitAdmin.getQueueProperties(RabbitAdmin.java:447)
	at org.springframework.amqp.rabbit.listener.AbstractMessageListenerContainer.attemptDeclarations(AbstractMessageListenerContainer.java:1939)
	at org.springframework.amqp.rabbit.listener.AbstractMessageListenerContainer.redeclareElementsIfNecessary(AbstractMessageListenerContainer.java:1914)
	at org.springframework.amqp.rabbit.listener.SimpleMessageListenerContainer$AsyncMessageProcessingConsumer.initialize(SimpleMessageListenerContainer.java:1377)
	at org.springframework.amqp.rabbit.listener.SimpleMessageListenerContainer$AsyncMessageProcessingConsumer.run(SimpleMessageListenerContainer.java:1223)
	at java.base/java.lang.Thread.run(Thread.java:829)
Caused by: java.io.IOException: null
	at com.rabbitmq.client.impl.AMQChannel.wrap(AMQChannel.java:129)
	at com.rabbitmq.client.impl.AMQChannel.wrap(AMQChannel.java:125)
	at com.rabbitmq.client.impl.AMQConnection.start(AMQConnection.java:396)
	at com.rabbitmq.client.ConnectionFactory.newConnection(ConnectionFactory.java:1225)
	at com.rabbitmq.client.ConnectionFactory.newConnection(ConnectionFactory.java:1173)
	at com.rabbitmq.client.ConnectionFactory.newConnection(ConnectionFactory.java:1342)
	at org.springframework.amqp.rabbit.connection.AbstractConnectionFactory.connectHostPort(AbstractConnectionFactory.java:653)
	at org.springframework.amqp.rabbit.connection.AbstractConnectionFactory.connect(AbstractConnectionFactory.java:618)
	at org.springframework.amqp.rabbit.connection.AbstractConnectionFactory.createBareConnection(AbstractConnectionFactory.java:565)
	... 16 common frames omitted
Caused by: com.rabbitmq.client.ShutdownSignalException: connection error
	at com.rabbitmq.utility.ValueOrException.getValue(ValueOrException.java:66)
	at com.rabbitmq.utility.BlockingValueOrException.uninterruptibleGetValue(BlockingValueOrException.java:36)
	at com.rabbitmq.client.impl.AMQChannel$BlockingRpcContinuation.getReply(AMQChannel.java:502)
	at com.rabbitmq.client.impl.AMQConnection.start(AMQConnection.java:326)
	... 22 common frames omitted
Caused by: java.io.EOFException: null
	at java.base/java.io.DataInputStream.readUnsignedByte(DataInputStream.java:295)
	at com.rabbitmq.client.impl.Frame.readFrom(Frame.java:91)
	at com.rabbitmq.client.impl.SocketFrameHandler.readFrame(SocketFrameHandler.java:184)
	at com.rabbitmq.client.impl.AMQConnection$MainLoop.run(AMQConnection.java:665)
	... 1 common frames omitted
2022-12-18 16:53:58,552 ERROR org.springframework.amqp.rabbit.listener.SimpleMessageListenerContainer [listener-3] Failed to check/redeclare auto-delete queue(s).
2022-12-18 16:54:03,648 ERROR org.springframework.amqp.rabbit.listener.SimpleMessageListenerContainer [listener-4] Failed to check/redeclare auto-delete queue(s).
2022-12-18 16:54:08,752 ERROR org.springframework.amqp.rabbit.listener.SimpleMessageListenerContainer [listener-5] Failed to check/redeclare auto-delete queue(s).
2022-12-18 16:54:13,880 ERROR org.springframework.amqp.rabbit.listener.SimpleMessageListenerContainer [listener-6] Failed to check/redeclare auto-delete queue(s).
2022-12-18 16:54:18,972 ERROR org.springframework.amqp.rabbit.listener.SimpleMessageListenerContainer [listener-7] Failed to check/redeclare auto-delete queue(s).
2022-12-18 16:54:24,064 ERROR org.springframework.amqp.rabbit.listener.SimpleMessageListenerContainer [listener-8] Failed to check/redeclare auto-delete queue(s).
2022-12-18 16:54:29,169 ERROR org.springframework.amqp.rabbit.listener.SimpleMessageListenerContainer [listener-9] Failed to check/redeclare auto-delete queue(s).
2022-12-18 16:54:34,268 ERROR org.springframework.amqp.rabbit.listener.SimpleMessageListenerContainer [listener-10] Failed to check/redeclare auto-delete queue(s).
2022-12-18 16:54:39,361 ERROR org.springframework.amqp.rabbit.listener.SimpleMessageListenerContainer [listener-11] Failed to check/redeclare auto-delete queue(s).
2022-12-18 16:54:44,479 ERROR org.springframework.amqp.rabbit.listener.SimpleMessageListenerContainer [listener-12] Failed to check/redeclare auto-delete queue(s).
2022-12-18 16:54:49,601 ERROR org.springframework.amqp.rabbit.listener.SimpleMessageListenerContainer [listener-13] Failed to check/redeclare auto-delete queue(s).
2022-12-18 16:54:54,727 ERROR org.springframework.amqp.rabbit.listener.SimpleMessageListenerContainer [listener-14] Failed to check/redeclare auto-delete queue(s).
2022-12-18 16:54:59,831 ERROR org.springframework.amqp.rabbit.listener.SimpleMessageListenerContainer [listener-15] Failed to check/redeclare auto-delete queue(s).
2022-12-18 16:55:04,910 ERROR org.springframework.amqp.rabbit.listener.SimpleMessageListenerContainer [listener-16] Failed to check/redeclare auto-delete queue(s).
2022-12-18 16:55:09,998 ERROR org.springframework.amqp.rabbit.listener.SimpleMessageListenerContainer [listener-17] Failed to check/redeclare auto-delete queue(s).
2022-12-18 16:55:15,094 ERROR org.springframework.amqp.rabbit.listener.SimpleMessageListenerContainer [listener-18] Failed to check/redeclare auto-delete queue(s).
2022-12-18 16:55:20,234 ERROR org.springframework.amqp.rabbit.listener.SimpleMessageListenerContainer [listener-19] Failed to check/redeclare auto-delete queue(s).
2022-12-18 16:55:25,350 ERROR org.springframework.amqp.rabbit.listener.SimpleMessageListenerContainer [listener-20] Failed to check/redeclare auto-delete queue(s).
2022-12-18 16:55:30,466 ERROR org.springframework.amqp.rabbit.listener.SimpleMessageListenerContainer [listener-21] Failed to check/redeclare auto-delete queue(s).
2022-12-18 16:55:35,555 ERROR org.springframework.amqp.rabbit.listener.SimpleMessageListenerContainer [listener-22] Failed to check/redeclare auto-delete queue(s).
2022-12-18 16:55:40,651 ERROR org.springframework.amqp.rabbit.listener.SimpleMessageListenerContainer [listener-23] Failed to check/redeclare auto-delete queue(s).
2022-12-18 16:55:45,770 ERROR org.springframework.amqp.rabbit.listener.SimpleMessageListenerContainer [listener-24] Failed to check/redeclare auto-delete queue(s).
2022-12-18 16:55:50,882 ERROR org.springframework.amqp.rabbit.listener.SimpleMessageListenerContainer [listener-25] Failed to check/redeclare auto-delete queue(s).
2022-12-18 16:55:55,998 ERROR org.springframework.amqp.rabbit.listener.SimpleMessageListenerContainer [listener-26] Failed to check/redeclare auto-delete queue(s).
2022-12-18 16:56:01,199 ERROR org.springframework.amqp.rabbit.listener.SimpleMessageListenerContainer [listener-27] Failed to check/redeclare auto-delete queue(s).
2022-12-18 16:56:06,360 ERROR org.springframework.amqp.rabbit.listener.SimpleMessageListenerContainer [listener-28] Failed to check/redeclare auto-delete queue(s).
2022-12-18 16:56:11,396 ERROR org.springframework.amqp.rabbit.listener.SimpleMessageListenerContainer [listener-29] Failed to check/redeclare auto-delete queue(s).
2022-12-18 16:56:16,518 ERROR org.springframework.amqp.rabbit.listener.SimpleMessageListenerContainer [listener-30] Failed to check/redeclare auto-delete queue(s).
2022-12-18 16:56:21,641 ERROR org.springframework.amqp.rabbit.listener.SimpleMessageListenerContainer [listener-31] Failed to check/redeclare auto-delete queue(s).
2022-12-18 16:56:26,799 ERROR org.springframework.amqp.rabbit.listener.SimpleMessageListenerContainer [listener-32] Failed to check/redeclare auto-delete queue(s).
2022-12-18 16:56:31,925 ERROR org.springframework.amqp.rabbit.listener.SimpleMessageListenerContainer [listener-33] Failed to check/redeclare auto-delete queue(s).
2022-12-18 16:56:37,054 ERROR org.springframework.amqp.rabbit.listener.SimpleMessageListenerContainer [listener-34] Failed to check/redeclare auto-delete queue(s).
2022-12-18 16:56:42,252 ERROR org.springframework.amqp.rabbit.listener.SimpleMessageListenerContainer [listener-35] Failed to check/redeclare auto-delete queue(s).
2022-12-18 16:56:47,376 ERROR org.springframework.amqp.rabbit.listener.SimpleMessageListenerContainer [listener-36] Failed to check/redeclare auto-delete queue(s).
2022-12-18 16:56:52,518 ERROR org.springframework.amqp.rabbit.listener.SimpleMessageListenerContainer [listener-37] Failed to check/redeclare auto-delete queue(s).
2022-12-18 16:56:57,628 ERROR org.springframework.amqp.rabbit.listener.SimpleMessageListenerContainer [listener-38] Failed to check/redeclare auto-delete queue(s).
2022-12-18 16:57:02,774 ERROR org.springframework.amqp.rabbit.listener.SimpleMessageListenerContainer [listener-39] Failed to check/redeclare auto-delete queue(s).
2022-12-18 16:57:07,925 ERROR org.springframework.amqp.rabbit.listener.SimpleMessageListenerContainer [listener-40] Failed to check/redeclare auto-delete queue(s).
2022-12-18 16:57:13,104 ERROR org.springframework.amqp.rabbit.listener.SimpleMessageListenerContainer [listener-41] Failed to check/redeclare auto-delete queue(s).
2022-12-18 16:57:18,226 ERROR org.springframework.amqp.rabbit.listener.SimpleMessageListenerContainer [listener-42] Failed to check/redeclare auto-delete queue(s).
2022-12-18 16:57:23,362 ERROR org.springframework.amqp.rabbit.listener.SimpleMessageListenerContainer [listener-43] Failed to check/redeclare auto-delete queue(s).
2022-12-18 16:57:28,480 ERROR org.springframework.amqp.rabbit.listener.SimpleMessageListenerContainer [listener-44] Failed to check/redeclare auto-delete queue(s).
2022-12-18 16:57:33,662 ERROR org.springframework.amqp.rabbit.listener.SimpleMessageListenerContainer [listener-45] Failed to check/redeclare auto-delete queue(s).
2022-12-18 16:57:38,785 ERROR org.springframework.amqp.rabbit.listener.SimpleMessageListenerContainer [listener-46] Failed to check/redeclare auto-delete queue(s).
2022-12-18 16:57:43,974 ERROR org.springframework.amqp.rabbit.listener.SimpleMessageListenerContainer [listener-47] Failed to check/redeclare auto-delete queue(s).
2022-12-18 16:57:49,116 ERROR org.springframework.amqp.rabbit.listener.SimpleMessageListenerContainer [listener-48] Failed to check/redeclare auto-delete queue(s).
2022-12-18 16:57:54,234 ERROR org.springframework.amqp.rabbit.listener.SimpleMessageListenerContainer [listener-49] Failed to check/redeclare auto-delete queue(s).
2022-12-18 16:57:59,387 ERROR org.springframework.amqp.rabbit.listener.SimpleMessageListenerContainer [listener-50] Failed to check/redeclare auto-delete queue(s).
2022-12-18 16:58:04,491 ERROR org.springframework.amqp.rabbit.listener.SimpleMessageListenerContainer [listener-51] Failed to check/redeclare auto-delete queue(s).
2022-12-18 16:58:09,639 ERROR org.springframework.amqp.rabbit.listener.SimpleMessageListenerContainer [listener-52] Failed to check/redeclare auto-delete queue(s).
2022-12-18 16:58:14,769 ERROR org.springframework.amqp.rabbit.listener.SimpleMessageListenerContainer [listener-53] Failed to check/redeclare auto-delete queue(s).
2022-12-18 16:58:19,880 ERROR org.springframework.amqp.rabbit.listener.SimpleMessageListenerContainer [listener-54] Failed to check/redeclare auto-delete queue(s).
2022-12-18 16:58:24,991 ERROR org.springframework.amqp.rabbit.listener.SimpleMessageListenerContainer [listener-55] Failed to check/redeclare auto-delete queue(s).
2022-12-18 16:58:30,170 ERROR org.springframework.amqp.rabbit.listener.SimpleMessageListenerContainer [listener-56] Failed to check/redeclare auto-delete queue(s).
2022-12-18 16:58:35,294 ERROR org.springframework.amqp.rabbit.listener.SimpleMessageListenerContainer [listener-57] Failed to check/redeclare auto-delete queue(s).
2022-12-18 16:58:40,317 ERROR org.springframework.amqp.rabbit.listener.SimpleMessageListenerContainer [listener-58] Failed to check/redeclare auto-delete queue(s).
2022-12-18 16:58:45,492 ERROR org.springframework.amqp.rabbit.listener.SimpleMessageListenerContainer [listener-59] Failed to check/redeclare auto-delete queue(s).
2022-12-18 16:58:50,655 ERROR org.springframework.amqp.rabbit.listener.SimpleMessageListenerContainer [listener-60] Failed to check/redeclare auto-delete queue(s).
2022-12-18 16:58:55,802 ERROR org.springframework.amqp.rabbit.listener.SimpleMessageListenerContainer [listener-61] Failed to check/redeclare auto-delete queue(s).
2022-12-18 16:59:00,984 ERROR org.springframework.amqp.rabbit.listener.SimpleMessageListenerContainer [listener-62] Failed to check/redeclare auto-delete queue(s).
2022-12-18 16:59:06,184 ERROR org.springframework.amqp.rabbit.listener.SimpleMessageListenerContainer [listener-63] Failed to check/redeclare auto-delete queue(s).
2022-12-18 16:59:11,333 ERROR org.springframework.amqp.rabbit.listener.SimpleMessageListenerContainer [listener-64] Failed to check/redeclare auto-delete queue(s).
2022-12-18 16:59:16,492 ERROR org.springframework.amqp.rabbit.listener.SimpleMessageListenerContainer [listener-65] Failed to check/redeclare auto-delete queue(s).
2022-12-18 16:59:21,616 ERROR org.springframework.amqp.rabbit.listener.SimpleMessageListenerContainer [listener-66] Failed to check/redeclare auto-delete queue(s).
2022-12-18 16:59:26,751 ERROR org.springframework.amqp.rabbit.listener.SimpleMessageListenerContainer [listener-67] Failed to check/redeclare auto-delete queue(s).
2022-12-18 16:59:31,917 ERROR org.springframework.amqp.rabbit.listener.SimpleMessageListenerContainer [listener-68] Failed to check/redeclare auto-delete queue(s).
2022-12-18 16:59:37,032 ERROR org.springframework.amqp.rabbit.listener.SimpleMessageListenerContainer [listener-69] Failed to check/redeclare auto-delete queue(s).
2022-12-18 16:59:42,169 ERROR org.springframework.amqp.rabbit.listener.SimpleMessageListenerContainer [listener-70] Failed to check/redeclare auto-delete queue(s).
2022-12-18 16:59:47,317 ERROR org.springframework.amqp.rabbit.listener.SimpleMessageListenerContainer [listener-71] Failed to check/redeclare auto-delete queue(s).
2022-12-18 16:59:49,838 INFO org.apache.catalina.core.ContainerBase.[Tomcat].[localhost].[/] [http-nio-8080-exec-3] Initializing Spring DispatcherServlet 'dispatcherServlet'
2022-12-18 16:59:52,511 ERROR org.springframework.amqp.rabbit.listener.SimpleMessageListenerContainer [listener-72] Failed to check/redeclare auto-delete queue(s).
2022-12-18 16:59:57,738 ERROR org.springframework.amqp.rabbit.listener.SimpleMessageListenerContainer [listener-73] Failed to check/redeclare auto-delete queue(s).
2022-12-18 17:00:02,772 ERROR org.springframework.amqp.rabbit.listener.SimpleMessageListenerContainer [listener-74] Failed to check/redeclare auto-delete queue(s).
2022-12-18 17:00:07,963 ERROR org.springframework.amqp.rabbit.listener.SimpleMessageListenerContainer [listener-75] Failed to check/redeclare auto-delete queue(s).
2022-12-18 17:00:13,155 ERROR org.springframework.amqp.rabbit.listener.SimpleMessageListenerContainer [listener-76] Failed to check/redeclare auto-delete queue(s).
2022-12-18 17:00:18,399 ERROR org.springframework.amqp.rabbit.listener.SimpleMessageListenerContainer [listener-77] Failed to check/redeclare auto-delete queue(s).
2022-12-18 17:00:23,429 ERROR org.springframework.amqp.rabbit.listener.SimpleMessageListenerContainer [listener-78] Failed to check/redeclare auto-delete queue(s).
2022-12-18 17:00:28,573 ERROR org.springframework.amqp.rabbit.listener.SimpleMessageListenerContainer [listener-79] Failed to check/redeclare auto-delete queue(s).
2022-12-18 17:00:33,716 ERROR org.springframework.amqp.rabbit.listener.SimpleMessageListenerContainer [listener-80] Failed to check/redeclare auto-delete queue(s).
2022-12-18 17:00:38,896 ERROR org.springframework.amqp.rabbit.listener.SimpleMessageListenerContainer [listener-81] Failed to check/redeclare auto-delete queue(s).
2022-12-18 17:00:44,060 ERROR org.springframework.amqp.rabbit.listener.SimpleMessageListenerContainer [listener-82] Failed to check/redeclare auto-delete queue(s).
2022-12-18 17:00:49,280 ERROR org.springframework.amqp.rabbit.listener.SimpleMessageListenerContainer [listener-83] Failed to check/redeclare auto-delete queue(s).
2022-12-18 17:00:54,487 ERROR org.springframework.amqp.rabbit.listener.SimpleMessageListenerContainer [listener-84] Failed to check/redeclare auto-delete queue(s).
2022-12-18 17:00:59,607 ERROR org.springframework.amqp.rabbit.listener.SimpleMessageListenerContainer [listener-85] Failed to check/redeclare auto-delete queue(s).
2022-12-18 17:01:04,715 ERROR org.springframework.amqp.rabbit.listener.SimpleMessageListenerContainer [listener-86] Failed to check/redeclare auto-delete queue(s).
2022-12-18 17:01:09,876 ERROR org.springframework.amqp.rabbit.listener.SimpleMessageListenerContainer [listener-87] Failed to check/redeclare auto-delete queue(s).
2022-12-18 17:01:14,967 ERROR org.springframework.amqp.rabbit.listener.SimpleMessageListenerContainer [listener-88] Failed to check/redeclare auto-delete queue(s).
2022-12-18 17:01:20,132 ERROR org.springframework.amqp.rabbit.listener.SimpleMessageListenerContainer [listener-89] Failed to check/redeclare auto-delete queue(s).
2022-12-18 17:01:25,315 ERROR org.springframework.amqp.rabbit.listener.SimpleMessageListenerContainer [listener-90] Failed to check/redeclare auto-delete queue(s).
2022-12-18 17:01:30,504 ERROR org.springframework.amqp.rabbit.listener.SimpleMessageListenerContainer [listener-91] Failed to check/redeclare auto-delete queue(s).
2022-12-18 17:01:35,677 ERROR org.springframework.amqp.rabbit.listener.SimpleMessageListenerContainer [listener-92] Failed to check/redeclare auto-delete queue(s).
2022-12-18 17:01:40,752 ERROR org.springframework.amqp.rabbit.listener.SimpleMessageListenerContainer [listener-93] Failed to check/redeclare auto-delete queue(s).
2022-12-18 17:01:45,925 ERROR org.springframework.amqp.rabbit.listener.SimpleMessageListenerContainer [listener-94] Failed to check/redeclare auto-delete queue(s).
2022-12-18 17:01:51,104 ERROR org.springframework.amqp.rabbit.listener.SimpleMessageListenerContainer [listener-95] Failed to check/redeclare auto-delete queue(s).
2022-12-18 17:01:56,293 ERROR org.springframework.amqp.rabbit.listener.SimpleMessageListenerContainer [listener-96] Failed to check/redeclare auto-delete queue(s).
2022-12-18 17:02:01,514 ERROR org.springframework.amqp.rabbit.listener.SimpleMessageListenerContainer [listener-97] Failed to check/redeclare auto-delete queue(s).
2022-12-18 17:02:06,656 ERROR org.springframework.amqp.rabbit.listener.SimpleMessageListenerContainer [listener-98] Failed to check/redeclare auto-delete queue(s).
2022-12-18 17:02:11,874 ERROR org.springframework.amqp.rabbit.listener.SimpleMessageListenerContainer [listener-99] Failed to check/redeclare auto-delete queue(s).
2022-12-18 17:02:17,049 ERROR org.springframework.amqp.rabbit.listener.SimpleMessageListenerContainer [listener-100] Failed to check/redeclare auto-delete queue(s).
2022-12-18 17:02:22,050 ERROR org.springframework.amqp.rabbit.listener.SimpleMessageListenerContainer [listener-101] Failed to check/redeclare auto-delete queue(s).
2022-12-18 17:02:27,071 ERROR org.springframework.amqp.rabbit.listener.SimpleMessageListenerContainer [listener-102] Failed to check/redeclare auto-delete queue(s).
2022-12-18 17:02:32,127 ERROR org.springframework.amqp.rabbit.listener.SimpleMessageListenerContainer [listener-103] Failed to check/redeclare auto-delete queue(s).
2022-12-18 17:02:37,233 ERROR org.springframework.amqp.rabbit.listener.SimpleMessageListenerContainer [listener-104] Failed to check/redeclare auto-delete queue(s).
2022-12-18 17:02:42,342 ERROR org.springframework.amqp.rabbit.listener.SimpleMessageListenerContainer [listener-105] Failed to check/redeclare auto-delete queue(s).
2022-12-18 17:02:47,504 ERROR org.springframework.amqp.rabbit.listener.SimpleMessageListenerContainer [listener-106] Failed to check/redeclare auto-delete queue(s).
2022-12-18 17:02:52,739 ERROR org.springframework.amqp.rabbit.listener.SimpleMessageListenerContainer [listener-107] Failed to check/redeclare auto-delete queue(s).
2022-12-18 17:02:57,858 ERROR org.springframework.amqp.rabbit.listener.SimpleMessageListenerContainer [listener-108] Failed to check/redeclare auto-delete queue(s).
2022-12-18 17:03:03,009 ERROR org.springframework.amqp.rabbit.listener.SimpleMessageListenerContainer [listener-109] Failed to check/redeclare auto-delete queue(s).
2022-12-18 17:03:08,226 ERROR org.springframework.amqp.rabbit.listener.SimpleMessageListenerContainer [listener-110] Failed to check/redeclare auto-delete queue(s).
2022-12-18 17:03:13,411 ERROR org.springframework.amqp.rabbit.listener.SimpleMessageListenerContainer [listener-111] Failed to check/redeclare auto-delete queue(s).
2022-12-18 17:03:18,501 ERROR org.springframework.amqp.rabbit.listener.SimpleMessageListenerContainer [listener-112] Failed to check/redeclare auto-delete queue(s).
2022-12-18 17:03:23,698 ERROR org.springframework.amqp.rabbit.listener.SimpleMessageListenerContainer [listener-113] Failed to check/redeclare auto-delete queue(s).
2022-12-18 17:03:28,765 ERROR org.springframework.amqp.rabbit.listener.SimpleMessageListenerContainer [listener-114] Failed to check/redeclare auto-delete queue(s).
2022-12-18 17:03:33,893 ERROR org.springframework.amqp.rabbit.listener.SimpleMessageListenerContainer [listener-115] Failed to check/redeclare auto-delete queue(s).
2022-12-18 17:03:39,053 ERROR org.springframework.amqp.rabbit.listener.SimpleMessageListenerContainer [listener-116] Failed to check/redeclare auto-delete queue(s).
2022-12-18 17:03:44,182 ERROR org.springframework.amqp.rabbit.listener.SimpleMessageListenerContainer [listener-117] Failed to check/redeclare auto-delete queue(s).
2022-12-18 17:03:49,291 ERROR org.springframework.amqp.rabbit.listener.SimpleMessageListenerContainer [listener-118] Failed to check/redeclare auto-delete queue(s).
2022-12-18 17:03:54,524 ERROR org.springframework.amqp.rabbit.listener.SimpleMessageListenerContainer [listener-119] Failed to check/redeclare auto-delete queue(s).
2022-12-18 17:03:59,693 ERROR org.springframework.amqp.rabbit.listener.SimpleMessageListenerContainer [listener-120] Failed to check/redeclare auto-delete queue(s).
2022-12-18 17:04:04,785 ERROR org.springframework.amqp.rabbit.listener.SimpleMessageListenerContainer [listener-121] Failed to check/redeclare auto-delete queue(s).
2022-12-18 17:04:09,843 ERROR org.springframework.amqp.rabbit.listener.SimpleMessageListenerContainer [listener-122] Failed to check/redeclare auto-delete queue(s).
2022-12-18 17:04:14,994 ERROR org.springframework.amqp.rabbit.listener.SimpleMessageListenerContainer [listener-123] Failed to check/redeclare auto-delete queue(s).
2022-12-18 17:04:20,016 ERROR org.springframework.amqp.rabbit.listener.SimpleMessageListenerContainer [listener-124] Failed to check/redeclare auto-delete queue(s).
2022-12-18 17:04:25,143 ERROR org.springframework.amqp.rabbit.listener.SimpleMessageListenerContainer [listener-125] Failed to check/redeclare auto-delete queue(s).
2022-12-18 17:04:30,250 ERROR org.springframework.amqp.rabbit.listener.SimpleMessageListenerContainer [listener-126] Failed to check/redeclare auto-delete queue(s).
2022-12-18 17:04:35,455 ERROR org.springframework.amqp.rabbit.listener.SimpleMessageListenerContainer [listener-127] Failed to check/redeclare auto-delete queue(s).
2022-12-18 17:04:40,538 ERROR org.springframework.amqp.rabbit.listener.SimpleMessageListenerContainer [listener-128] Failed to check/redeclare auto-delete queue(s).
2022-12-18 17:04:45,582 ERROR org.springframework.amqp.rabbit.listener.SimpleMessageListenerContainer [listener-129] Failed to check/redeclare auto-delete queue(s).
2022-12-18 17:04:50,795 ERROR org.springframework.amqp.rabbit.listener.SimpleMessageListenerContainer [listener-130] Failed to check/redeclare auto-delete queue(s).
2022-12-18 17:04:55,856 ERROR org.springframework.amqp.rabbit.listener.SimpleMessageListenerContainer [listener-131] Failed to check/redeclare auto-delete queue(s).
2022-12-18 17:05:00,910 ERROR org.springframework.amqp.rabbit.listener.SimpleMessageListenerContainer [listener-132] Failed to check/redeclare auto-delete queue(s).
2022-12-18 17:05:05,981 ERROR org.springframework.amqp.rabbit.listener.SimpleMessageListenerContainer [listener-133] Failed to check/redeclare auto-delete queue(s).
2022-12-18 17:09:36,865 INFO class com.bedu.queue.RabbitMQSender [http-nio-8080-exec-7] Sending Message to the Queue : ProductOrder{orderIdentifier='product-order-1', orderId=1, orderList=[papas fritas, refresco], customerName='Jose Ramos'}
2022-12-18 17:09:36,902 INFO class com.bedu.queue.RabbitMQReceiver [listener-134] ProductOrder listener invoked - Consuming Message with ProductOrder Identifier : product-order-1
2022-12-18 17:49:32,873 INFO class com.bedu.queue.RabbitMQSender [http-nio-8080-exec-8] Sending Message to the Queue : ProductOrder{orderIdentifier='product-order-1', orderId=1, orderList=[papas fritas, refresco], customerName='Jose Ramos'}
2022-12-18 17:49:32,878 INFO class com.bedu.queue.RabbitMQReceiver [listener-134] ProductOrder listener invoked - Consuming Message with ProductOrder Identifier : product-order-1
2022-12-18 17:50:38,274 INFO class com.bedu.queue.RabbitMQSender [http-nio-8080-exec-3] Sending Message to the Queue : ProductOrder{orderIdentifier='product-order-2', orderId=2, orderList=[papas fritas, refresco], customerName='Jose Ramos'}
2022-12-18 17:59:23,358 ERROR org.springframework.amqp.rabbit.connection.CachingConnectionFactory [AMQP Connection 127.0.0.1:5672] Shutdown Signal: channel error; protocol method: #method<channel.close>(reply-code=406, reply-text=PRECONDITION_FAILED - inequivalent arg 'durable' for queue 'rabbitmq.queue' in vhost '/': received 'false' but current is 'true', class-id=50, method-id=10)
2022-12-18 18:25:31,158 ERROR com.rabbitmq.client.impl.ForgivingExceptionHandler [AMQP Connection 127.0.0.1:5672] An unexpected connection driver error occurred
java.net.SocketException: Software caused connection abort: recv failed
	at java.base/java.net.SocketInputStream.socketRead0(Native Method)
	at java.base/java.net.SocketInputStream.socketRead(SocketInputStream.java:115)
	at java.base/java.net.SocketInputStream.read(SocketInputStream.java:168)
	at java.base/java.net.SocketInputStream.read(SocketInputStream.java:140)
	at java.base/java.io.BufferedInputStream.fill(BufferedInputStream.java:252)
	at java.base/java.io.BufferedInputStream.read(BufferedInputStream.java:271)
	at java.base/java.io.DataInputStream.readUnsignedByte(DataInputStream.java:293)
	at com.rabbitmq.client.impl.Frame.readFrom(Frame.java:91)
	at com.rabbitmq.client.impl.SocketFrameHandler.readFrame(SocketFrameHandler.java:184)
	at com.rabbitmq.client.impl.AMQConnection$MainLoop.run(AMQConnection.java:665)
	at java.base/java.lang.Thread.run(Thread.java:829)
2022-12-18 18:25:35,258 INFO class com.bedu.queue.RabbitMQSender [http-nio-8080-exec-6] Sending Message to the Queue : ProductOrder{orderIdentifier='product-order-2', orderId=2, orderList=[papas fritas, refresco], customerName='Jose Ramos'}
2022-12-18 18:25:35,323 ERROR org.springframework.amqp.rabbit.listener.SimpleMessageListenerContainer [listener-135] Failed to check/redeclare auto-delete queue(s).
org.springframework.beans.factory.BeanCreationNotAllowedException: Error creating bean with name 'entityManagerFactory': Singleton bean creation not allowed while singletons of this factory are in destruction (Do not request a bean from a BeanFactory in a destroy method implementation!)
	at org.springframework.beans.factory.support.DefaultSingletonBeanRegistry.getSingleton(DefaultSingletonBeanRegistry.java:220)
	at org.springframework.beans.factory.support.AbstractBeanFactory.doGetBean(AbstractBeanFactory.java:333)
	at org.springframework.beans.factory.support.AbstractBeanFactory.getBean(AbstractBeanFactory.java:208)
	at org.springframework.beans.factory.support.AbstractBeanFactory.isSingleton(AbstractBeanFactory.java:463)
	at org.springframework.beans.factory.support.DefaultListableBeanFactory.isSingleton(DefaultListableBeanFactory.java:645)
	at org.springframework.beans.factory.support.DefaultListableBeanFactory.doGetBeanNamesForType(DefaultListableBeanFactory.java:582)
	at org.springframework.beans.factory.support.DefaultListableBeanFactory.getBeanNamesForType(DefaultListableBeanFactory.java:550)
	at org.springframework.beans.factory.support.DefaultListableBeanFactory.getBeansOfType(DefaultListableBeanFactory.java:669)
	at org.springframework.context.support.AbstractApplicationContext.getBeansOfType(AbstractApplicationContext.java:1308)
	at org.springframework.amqp.rabbit.core.RabbitAdmin.processDeclarables(RabbitAdmin.java:730)
	at org.springframework.amqp.rabbit.core.RabbitAdmin.initialize(RabbitAdmin.java:660)
	at org.springframework.amqp.rabbit.listener.AbstractMessageListenerContainer.attemptDeclarations(AbstractMessageListenerContainer.java:1943)
	at org.springframework.amqp.rabbit.listener.AbstractMessageListenerContainer.redeclareElementsIfNecessary(AbstractMessageListenerContainer.java:1914)
	at org.springframework.amqp.rabbit.listener.SimpleMessageListenerContainer$AsyncMessageProcessingConsumer.initialize(SimpleMessageListenerContainer.java:1377)
	at org.springframework.amqp.rabbit.listener.SimpleMessageListenerContainer$AsyncMessageProcessingConsumer.run(SimpleMessageListenerContainer.java:1223)
	at java.base/java.lang.Thread.run(Thread.java:829)
2022-12-18 18:25:35,328 INFO org.hibernate.tool.schema.internal.SchemaDropperImpl$DelayedDropActionImpl [SpringApplicationShutdownHook] HHH000477: Starting delayed evictData of schema as part of SessionFactory shut-down'
2022-12-18 18:25:35,363 INFO com.zaxxer.hikari.HikariDataSource [SpringApplicationShutdownHook] HikariPool-1 - Shutdown initiated...
2022-12-18 18:25:35,378 INFO com.zaxxer.hikari.HikariDataSource [SpringApplicationShutdownHook] HikariPool-1 - Shutdown completed.
2022-12-18 18:25:40,985 INFO com.bedu.SpringBootCrudOperationApplication [main] Starting SpringBootCrudOperationApplication v1.0.0-SNAPSHOT using Java 11.0.17 on DESKTOP-S62A7HE with PID 7016 (C:\projects\java\springboot\sprintboot-master\target\spring-boot-crud-operation-1.0.0-SNAPSHOT.jar started by devmx in C:\projects\java\springboot\sprintboot-master)
2022-12-18 18:25:40,992 INFO com.bedu.SpringBootCrudOperationApplication [main] No active profile set, falling back to 1 default profile: "default"
2022-12-18 18:25:44,681 INFO org.apache.catalina.core.StandardService [main] Starting service [Tomcat]
2022-12-18 18:25:44,684 INFO org.apache.catalina.core.StandardEngine [main] Starting Servlet engine: [Apache Tomcat/9.0.69]
2022-12-18 18:25:44,877 INFO org.apache.catalina.core.ContainerBase.[Tomcat].[localhost].[/] [main] Initializing Spring embedded WebApplicationContext
2022-12-18 18:25:45,371 INFO com.zaxxer.hikari.HikariDataSource [main] HikariPool-1 - Starting...
2022-12-18 18:25:46,063 INFO com.zaxxer.hikari.HikariDataSource [main] HikariPool-1 - Start completed.
2022-12-18 18:25:46,193 INFO org.hibernate.jpa.internal.util.LogHelper [main] HHH000204: Processing PersistenceUnitInfo [name: default]
2022-12-18 18:25:46,338 INFO org.hibernate.Version [main] HHH000412: Hibernate ORM core version 5.6.14.Final
2022-12-18 18:25:46,753 INFO org.hibernate.annotations.common.Version [main] HCANN000001: Hibernate Commons Annotations {5.1.2.Final}
2022-12-18 18:25:47,076 INFO org.hibernate.dialect.Dialect [main] HHH000400: Using dialect: org.hibernate.dialect.H2Dialect
2022-12-18 18:25:48,935 INFO org.hibernate.engine.transaction.jta.platform.internal.JtaPlatformInitiator [main] HHH000490: Using JtaPlatform implementation: [org.hibernate.engine.transaction.jta.platform.internal.NoJtaPlatform]
2022-12-18 18:25:51,556 INFO com.bedu.SpringBootCrudOperationApplication [main] Started SpringBootCrudOperationApplication in 12.022 seconds (JVM running for 13.338)
2022-12-18 18:25:51,714 INFO class com.bedu.queue.RabbitMQReceiver [listener-1] ProductOrder listener invoked - Consuming Message with ProductOrder Identifier : product-order-2
2022-12-18 18:27:28,323 INFO org.apache.catalina.core.ContainerBase.[Tomcat].[localhost].[/] [http-nio-8080-exec-10] Initializing Spring DispatcherServlet 'dispatcherServlet'
2022-12-18 18:27:28,462 INFO class com.bedu.queue.RabbitMQSender [http-nio-8080-exec-10] Sending Message to the Queue : ProductOrder{orderIdentifier='product-order-1', orderId=1, orderList=[papas fritas, refresco], customerName='Jose Ramos'}
2022-12-18 18:27:28,472 INFO class com.bedu.queue.RabbitMQReceiver [listener-1] ProductOrder listener invoked - Consuming Message with ProductOrder Identifier : product-order-1
2022-12-18 18:29:36,361 INFO class com.bedu.queue.RabbitMQSender [http-nio-8080-exec-7] Sending Message to the Queue : ProductOrder{orderIdentifier='product-order-2', orderId=2, orderList=[papas fritas, refresco], customerName='Jose Ramos'}
2022-12-18 18:29:36,364 INFO class com.bedu.queue.RabbitMQReceiver [listener-1] ProductOrder listener invoked - Consuming Message with ProductOrder Identifier : product-order-2
2022-12-18 18:30:51,674 INFO class com.bedu.queue.RabbitMQSender [http-nio-8080-exec-3] Sending Message to the Queue : ProductOrder{orderIdentifier='product-order-2', orderId=2, orderList=[papas fritas, refresco], customerName='Jose Ramos'}
2022-12-18 18:31:02,638 INFO class com.bedu.queue.RabbitMQReceiver [listener-1] ProductOrder listener invoked - Consuming Message with ProductOrder Identifier : product-order-2
2022-12-18 18:31:03,743 INFO org.hibernate.tool.schema.internal.SchemaDropperImpl$DelayedDropActionImpl [SpringApplicationShutdownHook] HHH000477: Starting delayed evictData of schema as part of SessionFactory shut-down'
2022-12-18 18:31:03,760 INFO com.zaxxer.hikari.HikariDataSource [SpringApplicationShutdownHook] HikariPool-1 - Shutdown initiated...
2022-12-18 18:31:03,776 INFO com.zaxxer.hikari.HikariDataSource [SpringApplicationShutdownHook] HikariPool-1 - Shutdown completed.
2022-12-18 18:31:08,224 INFO com.bedu.SpringBootCrudOperationApplication [main] Starting SpringBootCrudOperationApplication v1.0.0-SNAPSHOT using Java 11.0.17 on DESKTOP-S62A7HE with PID 1084 (C:\projects\java\springboot\sprintboot-master\target\spring-boot-crud-operation-1.0.0-SNAPSHOT.jar started by devmx in C:\projects\java\springboot\sprintboot-master)
2022-12-18 18:31:08,232 INFO com.bedu.SpringBootCrudOperationApplication [main] No active profile set, falling back to 1 default profile: "default"
2022-12-18 18:31:12,537 INFO org.apache.catalina.core.StandardService [main] Starting service [Tomcat]
2022-12-18 18:31:12,557 INFO org.apache.catalina.core.StandardEngine [main] Starting Servlet engine: [Apache Tomcat/9.0.69]
2022-12-18 18:31:12,787 INFO org.apache.catalina.core.ContainerBase.[Tomcat].[localhost].[/] [main] Initializing Spring embedded WebApplicationContext
2022-12-18 18:31:13,364 INFO com.zaxxer.hikari.HikariDataSource [main] HikariPool-1 - Starting...
2022-12-18 18:31:14,169 INFO com.zaxxer.hikari.HikariDataSource [main] HikariPool-1 - Start completed.
2022-12-18 18:31:14,403 INFO org.hibernate.jpa.internal.util.LogHelper [main] HHH000204: Processing PersistenceUnitInfo [name: default]
2022-12-18 18:31:14,693 INFO org.hibernate.Version [main] HHH000412: Hibernate ORM core version 5.6.14.Final
2022-12-18 18:31:15,294 INFO org.hibernate.annotations.common.Version [main] HCANN000001: Hibernate Commons Annotations {5.1.2.Final}
2022-12-18 18:31:15,816 INFO org.hibernate.dialect.Dialect [main] HHH000400: Using dialect: org.hibernate.dialect.H2Dialect
2022-12-18 18:31:17,397 INFO org.hibernate.engine.transaction.jta.platform.internal.JtaPlatformInitiator [main] HHH000490: Using JtaPlatform implementation: [org.hibernate.engine.transaction.jta.platform.internal.NoJtaPlatform]
2022-12-18 18:31:20,921 INFO com.bedu.SpringBootCrudOperationApplication [main] Started SpringBootCrudOperationApplication in 13.872 seconds (JVM running for 14.869)
2022-12-18 18:31:31,146 INFO org.apache.catalina.core.ContainerBase.[Tomcat].[localhost].[/] [http-nio-8080-exec-10] Initializing Spring DispatcherServlet 'dispatcherServlet'
2022-12-18 18:31:31,520 INFO class com.bedu.queue.RabbitMQSender [http-nio-8080-exec-10] Sending Message to the Queue : ProductOrder{orderIdentifier='product-order-2', orderId=2, orderList=[papas fritas, refresco], customerName='Jose Ramos'}
2022-12-18 18:31:31,548 INFO class com.bedu.queue.RabbitMQReceiver [listener-1] ProductOrder listener invoked - Consuming Message with ProductOrder Identifier : product-order-2
